=== INICIO DE EJECUCIÓN DEL PIPELINE ===
Timestamp: 2025-11-27 13:10:43
==================================================



******************************************************************************************************************************************************
******************************************************************************************************************************************************
******************************************************************************************************************************************************
******************************************************************************************************************************************************
******************************************************************************************************************************************************

================ DATASET: activemq-5.0.0 ================

[1] Preprocesamiento - Dataset original cargado: activemq-5.0.0
[1] Preprocesamiento - Dimensiones originales: (1884, 70)
[1] Preprocesamiento - Columnas eliminadas: ['HeuBug', 'HeuBugCount', 'RealBugCount']
[1] Preprocesamiento - Dimensiones nuevas: (1884, 67)
[1] Preprocesamiento - División estratificada 80/20 realizada.
[1] Preprocesamiento - X_train: (1507, 66), X_test: (377, 66)
[1] Preprocesamiento - Archivos CSV guardados en con éxito


========== Ballanceo [CSBBoost] con activemq-5.0.0 ==========
=============================================================
[2] Balanceo [CSBBoost] - Carga de datos preprocesados completa.
[2] Balanceo [CSBBoost] - Selección de columnas numéricas.
[2] Implementación CSBBoost Iniciada
    Clase Mayoritaria (0): 1273
    Clase Minoritaria (1): 234
    Total de clases: 1507
    Ratio de desbalance: 5.44

Clases Mayoritarias---------
[Mayoría] K óptimo (Silhouette) = 2
[Mayoría] Tamaño después de undersampling clusterizado: 753

Clases Minoritarias---------
[Minoría] K' óptimo (Silhouette) = 2
[Minoría] Nuevas muestras sintéticas generadas: 520
[Minoría] Tamaño final (original + sintético): 754

CSBBoost balanceo terminado.
    Tamaño final train balanceado: 1507
    Distribución clases: {1: 754, 0: 753}

[2] Balanceo [CSBBoost] - CSBBoost completado.
[2] Balanceo [CSBBoost] - Archivos CSV guardados con éxito.


========== Balanceo [HCBOU] con activemq-5.0.0 ==========
=========================================================
[2] Balanceo [HCBOU] - Carga de datos preprocesados completa.
[2] Balanceo [HCBOU] - Selección de columnas numéricas.
[2] Balanceo [HCBOU] - Parámetros: {'max_clusters_maj': 8, 'max_clusters_min': 6, 'k_smote': 3, 'min_cluster_obs': 5}
[2] Implementación de HCBOU Iniciada
    Clase mayoritaria (0): 1273 muestras
    Clase minoritaria (1): 234 muestras
    Total de clases: 1507
    Ratio de desbalance: 5.44

Clase Mayoritarias---------
[Mayoritaria] Aplicando submuestreo
[Mayoritaria] Tamaño después de submuestreo: 753

Clase minoritarias---------
[Minoritaria] K´ óptimo (Silhouete) = 1
[Minoritaria] Nuevas muestras sintéticas generadas: 519
[Minoritaria] Tamaño final (original + sintético): 753
HCBOU balanceo terminado.
    Tamaño final del train balanceado: 1506
    Distribución clases: {0: 753, 1: 753}

[2] Balanceo [HCBOU] - HCBOU completado.
[2] Balanceo [HCBOU] - Archivos CSV guardados con éxito.


========== Balanceo [SMOTE] con activemq-5.0.0 ==========
=========================================================
[2] Balanceo [SMOTE] - Carga de datos preprocesados completa.
[2] Balanceo [SMOTE] - Selección de columnas numéricas.
Implementación de SMOTE Iniciada.
     Clase mayoritaria (0):  1273
     Clase minoritaria (1):  234
     Total de clases:  1507
     Indice de desbalance:  5.44

[SMOTE] Clase mayoritaria (0): 1273 -> 753 muestras
[SMOTE] Distribución final (aprox N/2 por clase): {0: 753, 1: 753}

[2] Balanceo [SMOTE] - SMOTE completado.
[2] Balanceo [SMOTE] - Archivos CSV guardados con éxito.


=====Escalado de datos con StandardScaler y RobustScaler=====
=============================================================
[3] [csbboost] Escalando activemq-5.0.0 con standard
[3] [csbboost] Escalando activemq-5.0.0 con robust
[3] [hcbou] Escalando activemq-5.0.0 con standard
[3] [hcbou] Escalando activemq-5.0.0 con robust
[3] [smote] Escalando activemq-5.0.0 con standard
[3] [smote] Escalando activemq-5.0.0 con robust



******************************************************************************************************************************************************
******************************************************************************************************************************************************
******************************************************************************************************************************************************
******************************************************************************************************************************************************
******************************************************************************************************************************************************

================ DATASET: derby-10.5.1.1 ================

[1] Preprocesamiento - Dataset original cargado: derby-10.5.1.1
[1] Preprocesamiento - Dimensiones originales: (2705, 70)
[1] Preprocesamiento - Columnas eliminadas: ['HeuBug', 'HeuBugCount', 'RealBugCount']
[1] Preprocesamiento - Dimensiones nuevas: (2705, 67)
[1] Preprocesamiento - División estratificada 80/20 realizada.
[1] Preprocesamiento - X_train: (2164, 66), X_test: (541, 66)
[1] Preprocesamiento - Archivos CSV guardados en con éxito


========== Ballanceo [CSBBoost] con derby-10.5.1.1 ==========
=============================================================
[2] Balanceo [CSBBoost] - Carga de datos preprocesados completa.
[2] Balanceo [CSBBoost] - Selección de columnas numéricas.
[2] Implementación CSBBoost Iniciada
    Clase Mayoritaria (0): 1858
    Clase Minoritaria (1): 306
    Total de clases: 2164
    Ratio de desbalance: 6.07

Clases Mayoritarias---------
[Mayoría] K óptimo (Silhouette) = 2
[Mayoría] Tamaño después de undersampling clusterizado: 1082

Clases Minoritarias---------
[Minoría] K' óptimo (Silhouette) = 2
[Minoría] Nuevas muestras sintéticas generadas: 776
[Minoría] Tamaño final (original + sintético): 1082

CSBBoost balanceo terminado.
    Tamaño final train balanceado: 2164
    Distribución clases: {0: 1082, 1: 1082}

[2] Balanceo [CSBBoost] - CSBBoost completado.
[2] Balanceo [CSBBoost] - Archivos CSV guardados con éxito.


========== Balanceo [HCBOU] con derby-10.5.1.1 ==========
=========================================================
[2] Balanceo [HCBOU] - Carga de datos preprocesados completa.
[2] Balanceo [HCBOU] - Selección de columnas numéricas.
[2] Balanceo [HCBOU] - Parámetros: {'max_clusters_maj': 8, 'max_clusters_min': 6, 'k_smote': 3, 'min_cluster_obs': 5}
[2] Implementación de HCBOU Iniciada
    Clase mayoritaria (0): 1858 muestras
    Clase minoritaria (1): 306 muestras
    Total de clases: 2164
    Ratio de desbalance: 6.07

Clase Mayoritarias---------
[Mayoritaria] Aplicando submuestreo
[Mayoritaria] Tamaño después de submuestreo: 1082

Clase minoritarias---------
[Minoritaria] K´ óptimo (Silhouete) = 1
[Minoritaria] Nuevas muestras sintéticas generadas: 776
[Minoritaria] Tamaño final (original + sintético): 1082
HCBOU balanceo terminado.
    Tamaño final del train balanceado: 2164
    Distribución clases: {0: 1082, 1: 1082}

[2] Balanceo [HCBOU] - HCBOU completado.
[2] Balanceo [HCBOU] - Archivos CSV guardados con éxito.


========== Balanceo [SMOTE] con derby-10.5.1.1 ==========
=========================================================
[2] Balanceo [SMOTE] - Carga de datos preprocesados completa.
[2] Balanceo [SMOTE] - Selección de columnas numéricas.
Implementación de SMOTE Iniciada.
     Clase mayoritaria (0):  1858
     Clase minoritaria (1):  306
     Total de clases:  2164
     Indice de desbalance:  6.07

[SMOTE] Clase mayoritaria (0): 1858 -> 1082 muestras
[SMOTE] Distribución final (aprox N/2 por clase): {0: 1082, 1: 1082}

[2] Balanceo [SMOTE] - SMOTE completado.
[2] Balanceo [SMOTE] - Archivos CSV guardados con éxito.


=====Escalado de datos con StandardScaler y RobustScaler=====
=============================================================
[3] [csbboost] Escalando derby-10.5.1.1 con standard
[3] [csbboost] Escalando derby-10.5.1.1 con robust
[3] [hcbou] Escalando derby-10.5.1.1 con standard
[3] [hcbou] Escalando derby-10.5.1.1 con robust
[3] [smote] Escalando derby-10.5.1.1 con standard
[3] [smote] Escalando derby-10.5.1.1 con robust



******************************************************************************************************************************************************
******************************************************************************************************************************************************
******************************************************************************************************************************************************
******************************************************************************************************************************************************
******************************************************************************************************************************************************

================ DATASET: groovy-1_6_BETA_1 ================

[1] Preprocesamiento - Dataset original cargado: groovy-1_6_BETA_1
[1] Preprocesamiento - Dimensiones originales: (821, 70)
[1] Preprocesamiento - Columnas eliminadas: ['HeuBug', 'HeuBugCount', 'RealBugCount']
[1] Preprocesamiento - Dimensiones nuevas: (821, 67)
[1] Preprocesamiento - División estratificada 80/20 realizada.
[1] Preprocesamiento - X_train: (656, 66), X_test: (165, 66)
[1] Preprocesamiento - Archivos CSV guardados en con éxito


========== Ballanceo [CSBBoost] con groovy-1_6_BETA_1 ==========
=============================================================
[2] Balanceo [CSBBoost] - Carga de datos preprocesados completa.
[2] Balanceo [CSBBoost] - Selección de columnas numéricas.
[2] Implementación CSBBoost Iniciada
    Clase Mayoritaria (0): 600
    Clase Minoritaria (1): 56
    Total de clases: 656
    Ratio de desbalance: 10.71

Clases Mayoritarias---------
[Mayoría] K óptimo (Silhouette) = 2
[Mayoría] Tamaño después de undersampling clusterizado: 328

Clases Minoritarias---------
[Minoría] K' óptimo (Silhouette) = 2
[Minoría] Nuevas muestras sintéticas generadas: 272
[Minoría] Tamaño final (original + sintético): 328

CSBBoost balanceo terminado.
    Tamaño final train balanceado: 656
    Distribución clases: {0: 328, 1: 328}

[2] Balanceo [CSBBoost] - CSBBoost completado.
[2] Balanceo [CSBBoost] - Archivos CSV guardados con éxito.


========== Balanceo [HCBOU] con groovy-1_6_BETA_1 ==========
=========================================================
[2] Balanceo [HCBOU] - Carga de datos preprocesados completa.
[2] Balanceo [HCBOU] - Selección de columnas numéricas.
[2] Balanceo [HCBOU] - Parámetros: {'max_clusters_maj': 8, 'max_clusters_min': 6, 'k_smote': 3, 'min_cluster_obs': 5}
[2] Implementación de HCBOU Iniciada
    Clase mayoritaria (0): 600 muestras
    Clase minoritaria (1): 56 muestras
    Total de clases: 656
    Ratio de desbalance: 10.71

Clase Mayoritarias---------
[Mayoritaria] Aplicando submuestreo
[Mayoritaria] Tamaño después de submuestreo: 328

Clase minoritarias---------
[Minoritaria] K´ óptimo (Silhouete) = 1
[Minoritaria] Nuevas muestras sintéticas generadas: 272
[Minoritaria] Tamaño final (original + sintético): 328
HCBOU balanceo terminado.
    Tamaño final del train balanceado: 656
    Distribución clases: {0: 328, 1: 328}

[2] Balanceo [HCBOU] - HCBOU completado.
[2] Balanceo [HCBOU] - Archivos CSV guardados con éxito.


========== Balanceo [SMOTE] con groovy-1_6_BETA_1 ==========
=========================================================
[2] Balanceo [SMOTE] - Carga de datos preprocesados completa.
[2] Balanceo [SMOTE] - Selección de columnas numéricas.
Implementación de SMOTE Iniciada.
     Clase mayoritaria (0):  600
     Clase minoritaria (1):  56
     Total de clases:  656
     Indice de desbalance:  10.71

[SMOTE] Clase mayoritaria (0): 600 -> 328 muestras
[SMOTE] Distribución final (aprox N/2 por clase): {0: 328, 1: 328}

[2] Balanceo [SMOTE] - SMOTE completado.
[2] Balanceo [SMOTE] - Archivos CSV guardados con éxito.


=====Escalado de datos con StandardScaler y RobustScaler=====
=============================================================
[3] [csbboost] Escalando groovy-1_6_BETA_1 con standard
[3] [csbboost] Escalando groovy-1_6_BETA_1 con robust
[3] [hcbou] Escalando groovy-1_6_BETA_1 con standard
[3] [hcbou] Escalando groovy-1_6_BETA_1 con robust
[3] [smote] Escalando groovy-1_6_BETA_1 con standard
[3] [smote] Escalando groovy-1_6_BETA_1 con robust



******************************************************************************************************************************************************
******************************************************************************************************************************************************
******************************************************************************************************************************************************
******************************************************************************************************************************************************
******************************************************************************************************************************************************

================ DATASET: hbase-0.94.0 ================

[1] Preprocesamiento - Dataset original cargado: hbase-0.94.0
[1] Preprocesamiento - Dimensiones originales: (1059, 70)
[1] Preprocesamiento - Columnas eliminadas: ['HeuBug', 'HeuBugCount', 'RealBugCount']
[1] Preprocesamiento - Dimensiones nuevas: (1059, 67)
[1] Preprocesamiento - División estratificada 80/20 realizada.
[1] Preprocesamiento - X_train: (847, 66), X_test: (212, 66)
[1] Preprocesamiento - Archivos CSV guardados en con éxito


========== Ballanceo [CSBBoost] con hbase-0.94.0 ==========
=============================================================
[2] Balanceo [CSBBoost] - Carga de datos preprocesados completa.
[2] Balanceo [CSBBoost] - Selección de columnas numéricas.
[2] Implementación CSBBoost Iniciada
    Clase Mayoritaria (0): 673
    Clase Minoritaria (1): 174
    Total de clases: 847
    Ratio de desbalance: 3.87

Clases Mayoritarias---------
[Mayoría] K óptimo (Silhouette) = 2
[Mayoría] Tamaño después de undersampling clusterizado: 424

Clases Minoritarias---------
[Minoría] K' óptimo (Silhouette) = 2
[Minoría] Nuevas muestras sintéticas generadas: 248
[Minoría] Tamaño final (original + sintético): 422

CSBBoost balanceo terminado.
    Tamaño final train balanceado: 846
    Distribución clases: {0: 424, 1: 422}

[2] Balanceo [CSBBoost] - CSBBoost completado.
[2] Balanceo [CSBBoost] - Archivos CSV guardados con éxito.


========== Balanceo [HCBOU] con hbase-0.94.0 ==========
=========================================================
[2] Balanceo [HCBOU] - Carga de datos preprocesados completa.
[2] Balanceo [HCBOU] - Selección de columnas numéricas.
[2] Balanceo [HCBOU] - Parámetros: {'max_clusters_maj': 8, 'max_clusters_min': 6, 'k_smote': 3, 'min_cluster_obs': 5}
[2] Implementación de HCBOU Iniciada
    Clase mayoritaria (0): 673 muestras
    Clase minoritaria (1): 174 muestras
    Total de clases: 847
    Ratio de desbalance: 3.87

Clase Mayoritarias---------
[Mayoritaria] Aplicando submuestreo
[Mayoritaria] Tamaño después de submuestreo: 423

Clase minoritarias---------
[Minoritaria] K´ óptimo (Silhouete) = 1
[Minoritaria] Nuevas muestras sintéticas generadas: 249
[Minoritaria] Tamaño final (original + sintético): 423
HCBOU balanceo terminado.
    Tamaño final del train balanceado: 846
    Distribución clases: {0: 423, 1: 423}

[2] Balanceo [HCBOU] - HCBOU completado.
[2] Balanceo [HCBOU] - Archivos CSV guardados con éxito.


========== Balanceo [SMOTE] con hbase-0.94.0 ==========
=========================================================
[2] Balanceo [SMOTE] - Carga de datos preprocesados completa.
[2] Balanceo [SMOTE] - Selección de columnas numéricas.
Implementación de SMOTE Iniciada.
     Clase mayoritaria (0):  673
     Clase minoritaria (1):  174
     Total de clases:  847
     Indice de desbalance:  3.87

[SMOTE] Clase mayoritaria (0): 673 -> 423 muestras
[SMOTE] Distribución final (aprox N/2 por clase): {0: 423, 1: 423}

[2] Balanceo [SMOTE] - SMOTE completado.
[2] Balanceo [SMOTE] - Archivos CSV guardados con éxito.


=====Escalado de datos con StandardScaler y RobustScaler=====
=============================================================
[3] [csbboost] Escalando hbase-0.94.0 con standard
[3] [csbboost] Escalando hbase-0.94.0 con robust
[3] [hcbou] Escalando hbase-0.94.0 con standard
[3] [hcbou] Escalando hbase-0.94.0 con robust
[3] [smote] Escalando hbase-0.94.0 con standard
[3] [smote] Escalando hbase-0.94.0 con robust



******************************************************************************************************************************************************
******************************************************************************************************************************************************
******************************************************************************************************************************************************
******************************************************************************************************************************************************
******************************************************************************************************************************************************

================ DATASET: hive-0.9.0 ================

[1] Preprocesamiento - Dataset original cargado: hive-0.9.0
[1] Preprocesamiento - Dimensiones originales: (1416, 70)
[1] Preprocesamiento - Columnas eliminadas: ['HeuBug', 'HeuBugCount', 'RealBugCount']
[1] Preprocesamiento - Dimensiones nuevas: (1416, 67)
[1] Preprocesamiento - División estratificada 80/20 realizada.
[1] Preprocesamiento - X_train: (1132, 66), X_test: (284, 66)
[1] Preprocesamiento - Archivos CSV guardados en con éxito


========== Ballanceo [CSBBoost] con hive-0.9.0 ==========
=============================================================
[2] Balanceo [CSBBoost] - Carga de datos preprocesados completa.
[2] Balanceo [CSBBoost] - Selección de columnas numéricas.
[2] Implementación CSBBoost Iniciada
    Clase Mayoritaria (0): 906
    Clase Minoritaria (1): 226
    Total de clases: 1132
    Ratio de desbalance: 4.01

Clases Mayoritarias---------
[Mayoría] K óptimo (Silhouette) = 2
[Mayoría] Tamaño después de undersampling clusterizado: 566

Clases Minoritarias---------
[Minoría] K' óptimo (Silhouette) = 3
[Minoría] Nuevas muestras sintéticas generadas: 339
[Minoría] Tamaño final (original + sintético): 565

CSBBoost balanceo terminado.
    Tamaño final train balanceado: 1131
    Distribución clases: {0: 566, 1: 565}

[2] Balanceo [CSBBoost] - CSBBoost completado.
[2] Balanceo [CSBBoost] - Archivos CSV guardados con éxito.


========== Balanceo [HCBOU] con hive-0.9.0 ==========
=========================================================
[2] Balanceo [HCBOU] - Carga de datos preprocesados completa.
[2] Balanceo [HCBOU] - Selección de columnas numéricas.
[2] Balanceo [HCBOU] - Parámetros: {'max_clusters_maj': 8, 'max_clusters_min': 6, 'k_smote': 3, 'min_cluster_obs': 5}
[2] Implementación de HCBOU Iniciada
    Clase mayoritaria (0): 906 muestras
    Clase minoritaria (1): 226 muestras
    Total de clases: 1132
    Ratio de desbalance: 4.01

Clase Mayoritarias---------
[Mayoritaria] Aplicando submuestreo
[Mayoritaria] Tamaño después de submuestreo: 566

Clase minoritarias---------
[Minoritaria] K´ óptimo (Silhouete) = 1
[Minoritaria] Nuevas muestras sintéticas generadas: 340
[Minoritaria] Tamaño final (original + sintético): 566
HCBOU balanceo terminado.
    Tamaño final del train balanceado: 1132
    Distribución clases: {0: 566, 1: 566}

[2] Balanceo [HCBOU] - HCBOU completado.
[2] Balanceo [HCBOU] - Archivos CSV guardados con éxito.


========== Balanceo [SMOTE] con hive-0.9.0 ==========
=========================================================
[2] Balanceo [SMOTE] - Carga de datos preprocesados completa.
[2] Balanceo [SMOTE] - Selección de columnas numéricas.
Implementación de SMOTE Iniciada.
     Clase mayoritaria (0):  906
     Clase minoritaria (1):  226
     Total de clases:  1132
     Indice de desbalance:  4.01

[SMOTE] Clase mayoritaria (0): 906 -> 566 muestras
[SMOTE] Distribución final (aprox N/2 por clase): {0: 566, 1: 566}

[2] Balanceo [SMOTE] - SMOTE completado.
[2] Balanceo [SMOTE] - Archivos CSV guardados con éxito.


=====Escalado de datos con StandardScaler y RobustScaler=====
=============================================================
[3] [csbboost] Escalando hive-0.9.0 con standard
[3] [csbboost] Escalando hive-0.9.0 con robust
[3] [hcbou] Escalando hive-0.9.0 con standard
[3] [hcbou] Escalando hive-0.9.0 con robust
[3] [smote] Escalando hive-0.9.0 con standard
[3] [smote] Escalando hive-0.9.0 con robust



******************************************************************************************************************************************************
******************************************************************************************************************************************************
******************************************************************************************************************************************************
******************************************************************************************************************************************************
******************************************************************************************************************************************************

================ DATASET: jruby-1.1 ================

[1] Preprocesamiento - Dataset original cargado: jruby-1.1
[1] Preprocesamiento - Dimensiones originales: (731, 70)
[1] Preprocesamiento - Columnas eliminadas: ['HeuBug', 'HeuBugCount', 'RealBugCount']
[1] Preprocesamiento - Dimensiones nuevas: (731, 67)
[1] Preprocesamiento - División estratificada 80/20 realizada.
[1] Preprocesamiento - X_train: (584, 66), X_test: (147, 66)
[1] Preprocesamiento - Archivos CSV guardados en con éxito


========== Ballanceo [CSBBoost] con jruby-1.1 ==========
=============================================================
[2] Balanceo [CSBBoost] - Carga de datos preprocesados completa.
[2] Balanceo [CSBBoost] - Selección de columnas numéricas.
[2] Implementación CSBBoost Iniciada
    Clase Mayoritaria (0): 514
    Clase Minoritaria (1): 70
    Total de clases: 584
    Ratio de desbalance: 7.34

Clases Mayoritarias---------
[Mayoría] K óptimo (Silhouette) = 2
[Mayoría] Tamaño después de undersampling clusterizado: 292

Clases Minoritarias---------
[Minoría] K' óptimo (Silhouette) = 2
[Minoría] Nuevas muestras sintéticas generadas: 222
[Minoría] Tamaño final (original + sintético): 292

CSBBoost balanceo terminado.
    Tamaño final train balanceado: 584
    Distribución clases: {0: 292, 1: 292}

[2] Balanceo [CSBBoost] - CSBBoost completado.
[2] Balanceo [CSBBoost] - Archivos CSV guardados con éxito.


========== Balanceo [HCBOU] con jruby-1.1 ==========
=========================================================
[2] Balanceo [HCBOU] - Carga de datos preprocesados completa.
[2] Balanceo [HCBOU] - Selección de columnas numéricas.
[2] Balanceo [HCBOU] - Parámetros: {'max_clusters_maj': 8, 'max_clusters_min': 6, 'k_smote': 3, 'min_cluster_obs': 5}
[2] Implementación de HCBOU Iniciada
    Clase mayoritaria (0): 514 muestras
    Clase minoritaria (1): 70 muestras
    Total de clases: 584
    Ratio de desbalance: 7.34

Clase Mayoritarias---------
[Mayoritaria] Aplicando submuestreo
[Mayoritaria] Tamaño después de submuestreo: 292

Clase minoritarias---------
[Minoritaria] K´ óptimo (Silhouete) = 1
[Minoritaria] Nuevas muestras sintéticas generadas: 222
[Minoritaria] Tamaño final (original + sintético): 292
HCBOU balanceo terminado.
    Tamaño final del train balanceado: 584
    Distribución clases: {0: 292, 1: 292}

[2] Balanceo [HCBOU] - HCBOU completado.
[2] Balanceo [HCBOU] - Archivos CSV guardados con éxito.


========== Balanceo [SMOTE] con jruby-1.1 ==========
=========================================================
[2] Balanceo [SMOTE] - Carga de datos preprocesados completa.
[2] Balanceo [SMOTE] - Selección de columnas numéricas.
Implementación de SMOTE Iniciada.
     Clase mayoritaria (0):  514
     Clase minoritaria (1):  70
     Total de clases:  584
     Indice de desbalance:  7.34

[SMOTE] Clase mayoritaria (0): 514 -> 292 muestras
[SMOTE] Distribución final (aprox N/2 por clase): {0: 292, 1: 292}

[2] Balanceo [SMOTE] - SMOTE completado.
[2] Balanceo [SMOTE] - Archivos CSV guardados con éxito.


=====Escalado de datos con StandardScaler y RobustScaler=====
=============================================================
[3] [csbboost] Escalando jruby-1.1 con standard
[3] [csbboost] Escalando jruby-1.1 con robust
[3] [hcbou] Escalando jruby-1.1 con standard
[3] [hcbou] Escalando jruby-1.1 con robust
[3] [smote] Escalando jruby-1.1 con standard
[3] [smote] Escalando jruby-1.1 con robust



******************************************************************************************************************************************************
******************************************************************************************************************************************************
******************************************************************************************************************************************************
******************************************************************************************************************************************************
******************************************************************************************************************************************************

================ DATASET: wicket-1.3.0-beta2 ================

[1] Preprocesamiento - Dataset original cargado: wicket-1.3.0-beta2
[1] Preprocesamiento - Dimensiones originales: (1763, 70)
[1] Preprocesamiento - Columnas eliminadas: ['HeuBug', 'HeuBugCount', 'RealBugCount']
[1] Preprocesamiento - Dimensiones nuevas: (1763, 67)
[1] Preprocesamiento - División estratificada 80/20 realizada.
[1] Preprocesamiento - X_train: (1410, 66), X_test: (353, 66)
[1] Preprocesamiento - Archivos CSV guardados en con éxito


========== Ballanceo [CSBBoost] con wicket-1.3.0-beta2 ==========
=============================================================
[2] Balanceo [CSBBoost] - Carga de datos preprocesados completa.
[2] Balanceo [CSBBoost] - Selección de columnas numéricas.
[2] Implementación CSBBoost Iniciada
    Clase Mayoritaria (0): 1306
    Clase Minoritaria (1): 104
    Total de clases: 1410
    Ratio de desbalance: 12.56

Clases Mayoritarias---------
[Mayoría] K óptimo (Silhouette) = 2
[Mayoría] Tamaño después de undersampling clusterizado: 705

Clases Minoritarias---------
[Minoría] K' óptimo (Silhouette) = 2
[Minoría] Nuevas muestras sintéticas generadas: 601
[Minoría] Tamaño final (original + sintético): 705

CSBBoost balanceo terminado.
    Tamaño final train balanceado: 1410
    Distribución clases: {0: 705, 1: 705}

[2] Balanceo [CSBBoost] - CSBBoost completado.
[2] Balanceo [CSBBoost] - Archivos CSV guardados con éxito.


========== Balanceo [HCBOU] con wicket-1.3.0-beta2 ==========
=========================================================
[2] Balanceo [HCBOU] - Carga de datos preprocesados completa.
[2] Balanceo [HCBOU] - Selección de columnas numéricas.
[2] Balanceo [HCBOU] - Parámetros: {'max_clusters_maj': 8, 'max_clusters_min': 6, 'k_smote': 3, 'min_cluster_obs': 5}
[2] Implementación de HCBOU Iniciada
    Clase mayoritaria (0): 1306 muestras
    Clase minoritaria (1): 104 muestras
    Total de clases: 1410
    Ratio de desbalance: 12.56

Clase Mayoritarias---------
[Mayoritaria] Aplicando submuestreo
[Mayoritaria] Tamaño después de submuestreo: 705

Clase minoritarias---------
[Minoritaria] K óptimo (Silhouete) = 2
[Minoritaria] Número óptimo de clusters: 2
Mejor índice silhouette: 0.7938
[Minoritaria] K´ óptimo (Silhouete) = 2
[Minoritaria] Nuevas muestras sintéticas generadas: 600
[Minoritaria] Tamaño final (original + sintético): 704
HCBOU balanceo terminado.
    Tamaño final del train balanceado: 1409
    Distribución clases: {0: 705, 1: 704}

[2] Balanceo [HCBOU] - HCBOU completado.
[2] Balanceo [HCBOU] - Archivos CSV guardados con éxito.


========== Balanceo [SMOTE] con wicket-1.3.0-beta2 ==========
=========================================================
[2] Balanceo [SMOTE] - Carga de datos preprocesados completa.
[2] Balanceo [SMOTE] - Selección de columnas numéricas.
Implementación de SMOTE Iniciada.
     Clase mayoritaria (0):  1306
     Clase minoritaria (1):  104
     Total de clases:  1410
     Indice de desbalance:  12.56

[SMOTE] Clase mayoritaria (0): 1306 -> 705 muestras
[SMOTE] Distribución final (aprox N/2 por clase): {0: 705, 1: 705}

[2] Balanceo [SMOTE] - SMOTE completado.
[2] Balanceo [SMOTE] - Archivos CSV guardados con éxito.


=====Escalado de datos con StandardScaler y RobustScaler=====
=============================================================
[3] [csbboost] Escalando wicket-1.3.0-beta2 con standard
[3] [csbboost] Escalando wicket-1.3.0-beta2 con robust
[3] [hcbou] Escalando wicket-1.3.0-beta2 con standard
[3] [hcbou] Escalando wicket-1.3.0-beta2 con robust
[3] [smote] Escalando wicket-1.3.0-beta2 con standard
[3] [smote] Escalando wicket-1.3.0-beta2 con robust
==================================================
=== FIN DE EJECUCIÓN DEL PIPELINE ===
Timestamp: 2025-11-27 13:11:34
==================================================
